<?xml version="1.0" encoding="UTF-8"?>
<!-- Generated by org.testng.reporters.JUnitReportReporter -->
<testsuite hostname="Shwethas-MacBook-Air.local" failures="0" tests="2" name="pack3.Day1" time="0.014" errors="0" timestamp="2021-05-24T12:14:01 PDT" skipped="0">
  <testcase classname="pack3.Day1" name="Demo1" time="0.001"/>
  <system-out/>
  <testcase classname="pack3.Day1" name="Demo" time="0.013"/>
  <system-out/>
</testsuite> <!-- pack3.Day1 -->
